<?xml version="1.0" encoding="UTF-8"?>
<!-- Generated by org.testng.reporters.JUnitReportReporter -->
<testsuite hostname="DESKTOP-OKST4J2" failures="0" tests="11" name="testScripts.GUITest" time="44.336" errors="0" timestamp="2023-12-30T22:00:03 TRT" skipped="0">
  <testcase classname="testScripts.GUITest" name="loginTest" time="9.088"/>
  <testcase classname="testScripts.GUITest" name="adminTest" time="4.275"/>
  <testcase classname="testScripts.GUITest" name="pimTest" time="3.850"/>
  <testcase classname="testScripts.GUITest" name="leaveTest" time="3.899"/>
  <testcase classname="testScripts.GUITest" name="myInfoTest" time="4.033"/>
  <testcase classname="testScripts.GUITest" name="timeTest" time="3.781"/>
  <testcase classname="testScripts.GUITest" name="directoryTest" time="3.627"/>
  <testcase classname="testScripts.GUITest" name="supportPageTest" time="1.934"/>
  <testcase classname="testScripts.GUITest" name="myTrackerTest" time="1.976"/>
  <testcase classname="testScripts.GUITest" name="vacanciesTest" time="2.016"/>
  <testcase classname="testScripts.GUITest" name="homePageTest" time="5.857"/>
</testsuite> <!-- testScripts.GUITest -->
