<?xml version="1.0" encoding="UTF-8"?>
<!-- Generated by org.testng.reporters.JUnitReportReporter -->
<testsuite hostname="DESKTOP-OKST4J2" failures="0" tests="5" name="testScripts.FunctionalTest" time="66.834" errors="0" timestamp="2024-01-01T16:35:31 TRT" skipped="0">
  <testcase classname="testScripts.FunctionalTest" name="loginTest" time="23.381"/>
  <testcase classname="testScripts.FunctionalTest" name="webScraping" time="12.522"/>
  <testcase classname="testScripts.FunctionalTest" name="pimTest" time="11.946"/>
  <testcase classname="testScripts.FunctionalTest" name="formSubmission" time="14.507"/>
  <testcase classname="testScripts.FunctionalTest" name="aboutDataTest" time="4.478"/>
</testsuite> <!-- testScripts.FunctionalTest -->
