<?xml version="1.0" encoding="UTF-8"?>
<!-- Generated by org.testng.reporters.JUnitReportReporter -->
<testsuite hostname="DESKTOP-OKST4J2" failures="0" tests="4" name="utility.testExcelUtility" time="10.573" errors="0" timestamp="2024-01-03T02:43:30 TRT" skipped="0">
  <testcase classname="utility.testExcelUtility" name="testCase1" time="3.977"/>
  <testcase classname="utility.testExcelUtility" name="testCase1" time="2.208"/>
  <testcase classname="utility.testExcelUtility" name="testCase1" time="2.219"/>
  <testcase classname="utility.testExcelUtility" name="testCase1" time="2.169"/>
</testsuite> <!-- utility.testExcelUtility -->
